Change Component Designator: Old Designator=C? New Designator=C500
Change Component Designator: Old Designator=C? New Designator=C501
Change Component Designator: Old Designator=C? New Designator=C502
Change Component Designator: Old Designator=C? New Designator=C503
Change Component Designator: Old Designator=C? New Designator=C504
Change Component Designator: Old Designator=D? New Designator=D500
Change Component Designator: Old Designator=D? New Designator=D501
Change Component Designator: Old Designator=D? New Designator=D502
Change Component Designator: Old Designator=D? New Designator=D503
Change Component Designator: Old Designator=D? New Designator=D504
Change Component Designator: Old Designator=D? New Designator=D505
Change Component Designator: Old Designator=D? New Designator=D506
Change Component Designator: Old Designator=D? New Designator=D507
Change Component Designator: Old Designator=IC? New Designator=IC500
Change Component Designator: Old Designator=IC? New Designator=IC501
Change Component Designator: Old Designator=JP? New Designator=JP500
Change Component Designator: Old Designator=JP? New Designator=JP501
Change Component Designator: Old Designator=JP? New Designator=JP502
Change Component Designator: Old Designator=JP? New Designator=JP503
Change Component Designator: Old Designator=Q? New Designator=Q500
Change Component Designator: Old Designator=Q? New Designator=Q501
Change Component Designator: Old Designator=Q? New Designator=Q502
Change Component Designator: Old Designator=Q? New Designator=Q503
Change Component Designator: Old Designator=Q? New Designator=Q504
Change Component Designator: Old Designator=Q? New Designator=Q505
Change Component Designator: Old Designator=R? New Designator=R500
Change Component Designator: Old Designator=R? New Designator=R501
Change Component Designator: Old Designator=R? New Designator=R502
Change Component Designator: Old Designator=R? New Designator=R503
Change Component Designator: Old Designator=R? New Designator=R504
Change Component Designator: Old Designator=R? New Designator=R505
