Change Component Designator: Old Designator=C? New Designator=C100
Change Component Designator: Old Designator=C? New Designator=C101
Change Component Designator: Old Designator=C? New Designator=C102
Change Component Designator: Old Designator=C? New Designator=C103
Change Component Designator: Old Designator=C? New Designator=C104
Change Component Designator: Old Designator=C? New Designator=C105
Change Component Designator: Old Designator=C? New Designator=C106
Change Component Designator: Old Designator=C? New Designator=C107
Change Component Designator: Old Designator=C? New Designator=C108
Change Component Designator: Old Designator=C? New Designator=C109
Change Component Designator: Old Designator=C? New Designator=C110
Change Component Designator: Old Designator=C? New Designator=C111
Change Component Designator: Old Designator=C? New Designator=C112
Change Component Designator: Old Designator=C? New Designator=C113
Change Component Designator: Old Designator=D? New Designator=D100
Change Component Designator: Old Designator=D? New Designator=D101
Change Component Designator: Old Designator=D? New Designator=D102
Change Component Designator: Old Designator=D? New Designator=D103
Change Component Designator: Old Designator=F? New Designator=F100
Change Component Designator: Old Designator=F? New Designator=F101
Change Component Designator: Old Designator=IC? New Designator=IC100
Change Component Designator: Old Designator=IC? New Designator=IC101
Change Component Designator: Old Designator=j? New Designator=j100
Change Component Designator: Old Designator=J? New Designator=J101
Change Component Designator: Old Designator=J? New Designator=J102
Change Component Designator: Old Designator=J? New Designator=J103
Change Component Designator: Old Designator=JP? New Designator=JP100
Change Component Designator: Old Designator=JP? New Designator=JP101
Change Component Designator: Old Designator=JP? New Designator=JP102
Change Component Designator: Old Designator=R? New Designator=R100
Change Component Designator: Old Designator=R? New Designator=R101
Change Component Designator: Old Designator=R? New Designator=R102
Change Component Designator: Old Designator=R? New Designator=R103
Change Component Designator: Old Designator=R? New Designator=R104
Change Component Designator: Old Designator=R? New Designator=R105
Change Component Designator: Old Designator=R? New Designator=R106
Change Component Designator: Old Designator=R? New Designator=R107
Change Component Designator: Old Designator=R? New Designator=R108
Change Component Designator: Old Designator=R? New Designator=R109
Change Component Designator: Old Designator=R? New Designator=R110
Change Component Designator: Old Designator=R? New Designator=R111
Change Component Designator: Old Designator=R? New Designator=R112
Change Component Designator: Old Designator=R? New Designator=R113
Change Component Designator: Old Designator=R? New Designator=R114
Change Component Designator: Old Designator=R? New Designator=R115
Change Component Designator: Old Designator=S? New Designator=S100
Change Component Designator: Old Designator=S? New Designator=S101
Change Component Designator: Old Designator=Y? New Designator=Y100
