Change Component Designator: Old Designator=C100 New Designator=C1
Change Component Designator: Old Designator=C101 New Designator=C2
Change Component Designator: Old Designator=C102 New Designator=C3
Change Component Designator: Old Designator=C103 New Designator=C4
Change Component Designator: Old Designator=C104 New Designator=C5
Change Component Designator: Old Designator=C105 New Designator=C6
Change Component Designator: Old Designator=C106 New Designator=C7
Change Component Designator: Old Designator=C107 New Designator=C8
Change Component Designator: Old Designator=C108 New Designator=C9
Change Component Designator: Old Designator=C109 New Designator=C10
Change Component Designator: Old Designator=C110 New Designator=C11
Change Component Designator: Old Designator=C111 New Designator=C12
Change Component Designator: Old Designator=C112 New Designator=C13
Change Component Designator: Old Designator=C113 New Designator=C14
Change Component Designator: Old Designator=D100 New Designator=D1
Change Component Designator: Old Designator=D101 New Designator=D2
Change Component Designator: Old Designator=D102 New Designator=D3
Change Component Designator: Old Designator=D103 New Designator=D4
Change Component Designator: Old Designator=F100 New Designator=F1
Change Component Designator: Old Designator=F101 New Designator=F2
Change Component Designator: Old Designator=IC100 New Designator=IC1
Change Component Designator: Old Designator=IC101 New Designator=IC2
Change Component Designator: Old Designator=J101 New Designator=J2
Change Component Designator: Old Designator=J102 New Designator=J3
Change Component Designator: Old Designator=J103 New Designator=J4
Change Component Designator: Old Designator=JP100 New Designator=JP1
Change Component Designator: Old Designator=JP101 New Designator=JP2
Change Component Designator: Old Designator=JP102 New Designator=JP3
Change Component Designator: Old Designator=R100 New Designator=R1
Change Component Designator: Old Designator=R101 New Designator=R2
Change Component Designator: Old Designator=R102 New Designator=R3
Change Component Designator: Old Designator=R103 New Designator=R4
Change Component Designator: Old Designator=R104 New Designator=R5
Change Component Designator: Old Designator=R105 New Designator=R6
Change Component Designator: Old Designator=R106 New Designator=R7
Change Component Designator: Old Designator=R107 New Designator=R8
Change Component Designator: Old Designator=R108 New Designator=R9
Change Component Designator: Old Designator=R109 New Designator=R10
Change Component Designator: Old Designator=R110 New Designator=R11
Change Component Designator: Old Designator=R111 New Designator=R12
Change Component Designator: Old Designator=R112 New Designator=R13
Change Component Designator: Old Designator=R113 New Designator=R14
Change Component Designator: Old Designator=R114 New Designator=R15
Change Component Designator: Old Designator=R115 New Designator=R16
Change Component Designator: Old Designator=S100 New Designator=S1
Change Component Designator: Old Designator=S101 New Designator=S2
Change Component Designator: Old Designator=Y100 New Designator=Y1
